0 info it worked if it ends with ok
1 verbose cli [ 'C:\\Program Files\\nodejs\\node.exe',
1 verbose cli   'C:\\Program Files\\nodejs\\node_modules\\npm\\bin\\npm-cli.js',
1 verbose cli   'start' ]
2 info using npm@4.0.5
3 info using node@v7.4.0
4 verbose run-script [ 'prestart', 'start', 'poststart' ]
5 info lifecycle FlatM8s@0.0.0~prestart: FlatM8s@0.0.0
6 silly lifecycle FlatM8s@0.0.0~prestart: no script for prestart, continuing
7 info lifecycle FlatM8s@0.0.0~start: FlatM8s@0.0.0
8 verbose lifecycle FlatM8s@0.0.0~start: unsafe-perm in lifecycle true
9 verbose lifecycle FlatM8s@0.0.0~start: PATH: C:\Program Files\nodejs\node_modules\npm\bin\node-gyp-bin;C:\Users\LoganWC\Desktop\Flatm8s\node_modules\.bin;C:\Program Files (x86)\cmder\bin;C:\Program Files (x86)\cmder\vendor\conemu-maximus5\ConEmu\Scripts;C:\Program Files (x86)\cmder\vendor\conemu-maximus5;C:\Program Files (x86)\cmder\vendor\conemu-maximus5\ConEmu;C:\ProgramData\Oracle\Java\javapath;C:\Python\Python36-32\Scripts\;C:\Python\Python36-32\;C:\Program Files (x86)\Intel\iCLS Client\;C:\Program Files\Intel\iCLS Client\;C:\Windows\system32;C:\Windows;C:\Windows\System32\Wbem;C:\Windows\System32\WindowsPowerShell\v1.0\;C:\Program Files (x86)\NVIDIA Corporation\PhysX\Common;C:\Program Files\nodejs\;C:\Program Files\MongoDB\Server\3.4\bin;C:\WINDOWS\system32;C:\WINDOWS;C:\WINDOWS\System32\Wbem;C:\WINDOWS\System32\WindowsPowerShell\v1.0\;C:\Go\bin;C:\Program Files\Git\cmd;C:\Program Files (x86)\Skype\Phone\;C:\Program Files (x86)\QuickTime\QTSystem\;C:\Program Files (x86)\Intel\Intel(R) Management Engine Components\DAL;C:\Program Files\Intel\Intel(R) Management Engine Components\DAL;C:\Program Files (x86)\Intel\Intel(R) Management Engine Components\IPT;C:\Program Files\Intel\Intel(R) Management Engine Components\IPT;C:\Users\LoganWC\AppData\Local\Microsoft\WindowsApps;C:\Users\LoganWC\AppData\Roaming\npm;C:\Program Files\Heroku\bin;C:\Program Files\PostgreSQL\9.6\bin;;C:\Program Files\Git\usr\bin;C:\Program Files\Git\usr\share\vim\vim74;C:\Program Files (x86)\cmder\
10 verbose lifecycle FlatM8s@0.0.0~start: CWD: C:\Users\LoganWC\Desktop\Flatm8s
11 silly lifecycle FlatM8s@0.0.0~start: Args: [ '/d /s /c', 'node bin/www' ]
12 silly lifecycle FlatM8s@0.0.0~start: Returned: code: 1  signal: null
13 info lifecycle FlatM8s@0.0.0~start: Failed to exec start script
14 verbose stack Error: FlatM8s@0.0.0 start: `node bin/www`
14 verbose stack Exit status 1
14 verbose stack     at EventEmitter.<anonymous> (C:\Program Files\nodejs\node_modules\npm\lib\utils\lifecycle.js:279:16)
14 verbose stack     at emitTwo (events.js:106:13)
14 verbose stack     at EventEmitter.emit (events.js:191:7)
14 verbose stack     at ChildProcess.<anonymous> (C:\Program Files\nodejs\node_modules\npm\lib\utils\spawn.js:40:14)
14 verbose stack     at emitTwo (events.js:106:13)
14 verbose stack     at ChildProcess.emit (events.js:191:7)
14 verbose stack     at maybeClose (internal/child_process.js:885:16)
14 verbose stack     at Process.ChildProcess._handle.onexit (internal/child_process.js:226:5)
15 verbose pkgid FlatM8s@0.0.0
16 verbose cwd C:\Users\LoganWC\Desktop\Flatm8s
17 error Windows_NT 10.0.15063
18 error argv "C:\\Program Files\\nodejs\\node.exe" "C:\\Program Files\\nodejs\\node_modules\\npm\\bin\\npm-cli.js" "start"
19 error node v7.4.0
20 error npm  v4.0.5
21 error code ELIFECYCLE
22 error FlatM8s@0.0.0 start: `node bin/www`
22 error Exit status 1
23 error Failed at the FlatM8s@0.0.0 start script 'node bin/www'.
23 error Make sure you have the latest version of node.js and npm installed.
23 error If you do, this is most likely a problem with the FlatM8s package,
23 error not with npm itself.
23 error Tell the author that this fails on your system:
23 error     node bin/www
23 error You can get information on how to open an issue for this project with:
23 error     npm bugs FlatM8s
23 error Or if that isn't available, you can get their info via:
23 error     npm owner ls FlatM8s
23 error There is likely additional logging output above.
24 verbose exit [ 1, true ]
